<?xml version="1.0" encoding="UTF-8"?>
<coverage generated="1682659257896" clover="3.2.0">
  <project timestamp="1682659257896" name="All files">
    <metrics statements="18" coveredstatements="18" conditionals="9" coveredconditionals="8" methods="2" coveredmethods="2" elements="29" coveredelements="28" complexity="0" loc="18" ncloc="18" packages="1" files="2" classes="2"/>
    <file name="example.js" path="C:\Users\jorge\OneDrive - INSTITUTO TECNOLOGICO DE MERIDA\Documents\Projects\Jorge Sarricolea\GitHub\JavaScript-Testing\example.js">
      <metrics statements="5" coveredstatements="5" conditionals="1" coveredconditionals="1" methods="1" coveredmethods="1"/>
      <line num="1" count="1" type="cond" truecount="1" falsecount="0"/>
      <line num="2" count="1" type="stmt"/>
      <line num="3" count="1" type="stmt"/>
      <line num="4" count="1" type="stmt"/>
      <line num="5" count="1" type="stmt"/>
    </file>
    <file name="fizzbuzz.js" path="C:\Users\jorge\OneDrive - INSTITUTO TECNOLOGICO DE MERIDA\Documents\Projects\Jorge Sarricolea\GitHub\JavaScript-Testing\fizzbuzz.js">
      <metrics statements="13" coveredstatements="13" conditionals="8" coveredconditionals="7" methods="1" coveredmethods="1"/>
      <line num="1" count="3" type="cond" truecount="1" falsecount="0"/>
      <line num="2" count="3" type="cond" truecount="2" falsecount="0"/>
      <line num="3" count="1" type="stmt"/>
      <line num="4" count="1" type="cond" truecount="1" falsecount="0"/>
      <line num="5" count="3" type="cond" truecount="2" falsecount="0"/>
      <line num="6" count="1" type="stmt"/>
      <line num="7" count="1" type="stmt"/>
      <line num="8" count="3" type="cond" truecount="1" falsecount="1"/>
      <line num="9" count="1" type="stmt"/>
      <line num="10" count="1" type="stmt"/>
      <line num="11" count="3" type="stmt"/>
      <line num="12" count="1" type="stmt"/>
      <line num="13" count="1" type="stmt"/>
    </file>
  </project>
</coverage>
