{"C:\\Users\\jorge\\OneDrive - INSTITUTO TECNOLOGICO DE MERIDA\\Documents\\Projects\\Jorge Sarricolea\\GitHub\\JavaScript-Testing\\example.js": {"path":"C:\\Users\\jorge\\OneDrive - INSTITUTO TECNOLOGICO DE MERIDA\\Documents\\Projects\\Jorge Sarricolea\\GitHub\\JavaScript-Testing\\example.js","all":false,"statementMap":{"0":{"start":{"line":1,"column":0},"end":{"line":1,"column":26}},"1":{"start":{"line":2,"column":0},"end":{"line":2,"column":19}},"2":{"start":{"line":3,"column":0},"end":{"line":3,"column":1}},"3":{"start":{"line":4,"column":0},"end":{"line":4,"column":0}},"4":{"start":{"line":5,"column":0},"end":{"line":5,"column":25}}},"s":{"0":1,"1":1,"2":1,"3":1,"4":1},"branchMap":{"0":{"type":"branch","line":1,"loc":{"start":{"line":1,"column":0},"end":{"line":3,"column":1}},"locations":[{"start":{"line":1,"column":0},"end":{"line":3,"column":1}}]}},"b":{"0":[1]},"fnMap":{"0":{"name":"example","decl":{"start":{"line":1,"column":0},"end":{"line":3,"column":1}},"loc":{"start":{"line":1,"column":0},"end":{"line":3,"column":1}},"line":1}},"f":{"0":1}}
,"C:\\Users\\jorge\\OneDrive - INSTITUTO TECNOLOGICO DE MERIDA\\Documents\\Projects\\Jorge Sarricolea\\GitHub\\JavaScript-Testing\\fizzbuzz.js": {"path":"C:\\Users\\jorge\\OneDrive - INSTITUTO TECNOLOGICO DE MERIDA\\Documents\\Projects\\Jorge Sarricolea\\GitHub\\JavaScript-Testing\\fizzbuzz.js","all":false,"statementMap":{"0":{"start":{"line":1,"column":0},"end":{"line":1,"column":36}},"1":{"start":{"line":2,"column":0},"end":{"line":2,"column":27}},"2":{"start":{"line":3,"column":0},"end":{"line":3,"column":22}},"3":{"start":{"line":4,"column":0},"end":{"line":4,"column":17}},"4":{"start":{"line":5,"column":0},"end":{"line":5,"column":5}},"5":{"start":{"line":6,"column":0},"end":{"line":6,"column":44}},"6":{"start":{"line":7,"column":0},"end":{"line":7,"column":25}},"7":{"start":{"line":8,"column":0},"end":{"line":8,"column":5}},"8":{"start":{"line":9,"column":0},"end":{"line":9,"column":42}},"9":{"start":{"line":10,"column":0},"end":{"line":10,"column":22}},"10":{"start":{"line":11,"column":0},"end":{"line":11,"column":5}},"11":{"start":{"line":12,"column":0},"end":{"line":12,"column":42}},"12":{"start":{"line":13,"column":0},"end":{"line":13,"column":22}},"13":{"start":{"line":14,"column":0},"end":{"line":14,"column":5}},"14":{"start":{"line":15,"column":0},"end":{"line":15,"column":18}},"15":{"start":{"line":16,"column":0},"end":{"line":16,"column":1}},"16":{"start":{"line":17,"column":0},"end":{"line":17,"column":0}},"17":{"start":{"line":18,"column":0},"end":{"line":18,"column":42}},"18":{"start":{"line":19,"column":0},"end":{"line":19,"column":24}},"19":{"start":{"line":20,"column":0},"end":{"line":20,"column":37}},"20":{"start":{"line":21,"column":0},"end":{"line":21,"column":62}},"21":{"start":{"line":22,"column":0},"end":{"line":22,"column":43}},"22":{"start":{"line":23,"column":0},"end":{"line":23,"column":5}},"23":{"start":{"line":24,"column":0},"end":{"line":24,"column":1}},"24":{"start":{"line":25,"column":0},"end":{"line":25,"column":0}},"25":{"start":{"line":26,"column":0},"end":{"line":26,"column":10}},"26":{"start":{"line":27,"column":0},"end":{"line":27,"column":0}},"27":{"start":{"line":28,"column":0},"end":{"line":28,"column":42}},"28":{"start":{"line":29,"column":0},"end":{"line":29,"column":26}}},"s":{"0":1,"1":22,"2":22,"3":1,"4":1,"5":22,"6":2,"7":2,"8":22,"9":6,"10":6,"11":22,"12":3,"13":3,"14":10,"15":10,"16":1,"17":1,"18":1,"19":1,"20":19,"21":19,"22":19,"23":1,"24":1,"25":1,"26":1,"27":1,"28":1},"branchMap":{"0":{"type":"branch","line":2,"loc":{"start":{"line":2,"column":0},"end":{"line":16,"column":1}},"locations":[{"start":{"line":2,"column":0},"end":{"line":16,"column":1}}]},"1":{"type":"branch","line":3,"loc":{"start":{"line":3,"column":21},"end":{"line":5,"column":5}},"locations":[{"start":{"line":3,"column":21},"end":{"line":5,"column":5}}]},"2":{"type":"branch","line":5,"loc":{"start":{"line":5,"column":4},"end":{"line":6,"column":27}},"locations":[{"start":{"line":5,"column":4},"end":{"line":6,"column":27}}]},"3":{"type":"branch","line":6,"loc":{"start":{"line":6,"column":23},"end":{"line":6,"column":42}},"locations":[{"start":{"line":6,"column":23},"end":{"line":6,"column":42}}]},"4":{"type":"branch","line":6,"loc":{"start":{"line":6,"column":43},"end":{"line":8,"column":5}},"locations":[{"start":{"line":6,"column":43},"end":{"line":8,"column":5}}]},"5":{"type":"branch","line":8,"loc":{"start":{"line":8,"column":4},"end":{"line":9,"column":24}},"locations":[{"start":{"line":8,"column":4},"end":{"line":9,"column":24}}]},"6":{"type":"branch","line":9,"loc":{"start":{"line":9,"column":20},"end":{"line":9,"column":39}},"locations":[{"start":{"line":9,"column":20},"end":{"line":9,"column":39}}]},"7":{"type":"branch","line":9,"loc":{"start":{"line":9,"column":41},"end":{"line":11,"column":5}},"locations":[{"start":{"line":9,"column":41},"end":{"line":11,"column":5}}]},"8":{"type":"branch","line":11,"loc":{"start":{"line":11,"column":4},"end":{"line":12,"column":24}},"locations":[{"start":{"line":11,"column":4},"end":{"line":12,"column":24}}]},"9":{"type":"branch","line":12,"loc":{"start":{"line":12,"column":20},"end":{"line":12,"column":39}},"locations":[{"start":{"line":12,"column":20},"end":{"line":12,"column":39}}]},"10":{"type":"branch","line":12,"loc":{"start":{"line":12,"column":41},"end":{"line":14,"column":5}},"locations":[{"start":{"line":12,"column":41},"end":{"line":14,"column":5}}]},"11":{"type":"branch","line":14,"loc":{"start":{"line":14,"column":4},"end":{"line":16,"column":1}},"locations":[{"start":{"line":14,"column":4},"end":{"line":16,"column":1}}]},"12":{"type":"branch","line":19,"loc":{"start":{"line":19,"column":0},"end":{"line":24,"column":1}},"locations":[{"start":{"line":19,"column":0},"end":{"line":24,"column":1}}]},"13":{"type":"branch","line":20,"loc":{"start":{"line":20,"column":36},"end":{"line":23,"column":5}},"locations":[{"start":{"line":20,"column":36},"end":{"line":23,"column":5}}]}},"b":{"0":[22],"1":[1],"2":[21],"3":[8],"4":[2],"5":[19],"6":[17],"7":[6],"8":[13],"9":[11],"10":[3],"11":[10],"12":[1],"13":[19]},"fnMap":{"0":{"name":"fizzbuzz","decl":{"start":{"line":2,"column":0},"end":{"line":16,"column":1}},"loc":{"start":{"line":2,"column":0},"end":{"line":16,"column":1}},"line":2},"1":{"name":"print","decl":{"start":{"line":19,"column":0},"end":{"line":24,"column":1}},"loc":{"start":{"line":19,"column":0},"end":{"line":24,"column":1}},"line":19}},"f":{"0":22,"1":1}}
}
