{"C:\\Users\\jorge\\OneDrive - INSTITUTO TECNOLOGICO DE MERIDA\\Documents\\Projects\\Jorge Sarricolea\\GitHub\\JavaScript-Testing\\example.js": {"path":"C:\\Users\\jorge\\OneDrive - INSTITUTO TECNOLOGICO DE MERIDA\\Documents\\Projects\\Jorge Sarricolea\\GitHub\\JavaScript-Testing\\example.js","all":false,"statementMap":{"0":{"start":{"line":1,"column":0},"end":{"line":1,"column":26}},"1":{"start":{"line":2,"column":0},"end":{"line":2,"column":19}},"2":{"start":{"line":3,"column":0},"end":{"line":3,"column":1}},"3":{"start":{"line":4,"column":0},"end":{"line":4,"column":0}},"4":{"start":{"line":5,"column":0},"end":{"line":5,"column":25}}},"s":{"0":1,"1":1,"2":1,"3":1,"4":1},"branchMap":{"0":{"type":"branch","line":1,"loc":{"start":{"line":1,"column":0},"end":{"line":3,"column":1}},"locations":[{"start":{"line":1,"column":0},"end":{"line":3,"column":1}}]}},"b":{"0":[1]},"fnMap":{"0":{"name":"example","decl":{"start":{"line":1,"column":0},"end":{"line":3,"column":1}},"loc":{"start":{"line":1,"column":0},"end":{"line":3,"column":1}},"line":1}},"f":{"0":1}}
,"C:\\Users\\jorge\\OneDrive - INSTITUTO TECNOLOGICO DE MERIDA\\Documents\\Projects\\Jorge Sarricolea\\GitHub\\JavaScript-Testing\\fizzbuzz.js": {"path":"C:\\Users\\jorge\\OneDrive - INSTITUTO TECNOLOGICO DE MERIDA\\Documents\\Projects\\Jorge Sarricolea\\GitHub\\JavaScript-Testing\\fizzbuzz.js","all":false,"statementMap":{"0":{"start":{"line":1,"column":0},"end":{"line":1,"column":27}},"1":{"start":{"line":2,"column":0},"end":{"line":2,"column":44}},"2":{"start":{"line":3,"column":0},"end":{"line":3,"column":25}},"3":{"start":{"line":4,"column":0},"end":{"line":4,"column":5}},"4":{"start":{"line":5,"column":0},"end":{"line":5,"column":42}},"5":{"start":{"line":6,"column":0},"end":{"line":6,"column":22}},"6":{"start":{"line":7,"column":0},"end":{"line":7,"column":5}},"7":{"start":{"line":8,"column":0},"end":{"line":8,"column":42}},"8":{"start":{"line":9,"column":0},"end":{"line":9,"column":22}},"9":{"start":{"line":10,"column":0},"end":{"line":10,"column":5}},"10":{"start":{"line":11,"column":0},"end":{"line":11,"column":1}},"11":{"start":{"line":12,"column":0},"end":{"line":12,"column":0}},"12":{"start":{"line":13,"column":0},"end":{"line":13,"column":26}}},"s":{"0":3,"1":3,"2":1,"3":1,"4":3,"5":1,"6":1,"7":3,"8":1,"9":1,"10":3,"11":1,"12":1},"branchMap":{"0":{"type":"branch","line":1,"loc":{"start":{"line":1,"column":0},"end":{"line":11,"column":1}},"locations":[{"start":{"line":1,"column":0},"end":{"line":11,"column":1}}]},"1":{"type":"branch","line":2,"loc":{"start":{"line":2,"column":23},"end":{"line":2,"column":42}},"locations":[{"start":{"line":2,"column":23},"end":{"line":2,"column":42}}]},"2":{"type":"branch","line":2,"loc":{"start":{"line":2,"column":43},"end":{"line":4,"column":5}},"locations":[{"start":{"line":2,"column":43},"end":{"line":4,"column":5}}]},"3":{"type":"branch","line":4,"loc":{"start":{"line":4,"column":4},"end":{"line":5,"column":24}},"locations":[{"start":{"line":4,"column":4},"end":{"line":5,"column":24}}]},"4":{"type":"branch","line":5,"loc":{"start":{"line":5,"column":20},"end":{"line":5,"column":39}},"locations":[{"start":{"line":5,"column":20},"end":{"line":5,"column":39}}]},"5":{"type":"branch","line":5,"loc":{"start":{"line":5,"column":41},"end":{"line":8,"column":24}},"locations":[{"start":{"line":5,"column":41},"end":{"line":8,"column":24}}]},"6":{"type":"branch","line":8,"loc":{"start":{"line":8,"column":20},"end":{"line":8,"column":39}},"locations":[{"start":{"line":8,"column":20},"end":{"line":8,"column":39}}]},"7":{"type":"branch","line":8,"loc":{"start":{"line":8,"column":41},"end":{"line":10,"column":5}},"locations":[{"start":{"line":8,"column":41},"end":{"line":10,"column":5}}]}},"b":{"0":[3],"1":[2],"2":[1],"3":[2],"4":[1],"5":[1],"6":[0],"7":[1]},"fnMap":{"0":{"name":"fizzbuzz","decl":{"start":{"line":1,"column":0},"end":{"line":11,"column":1}},"loc":{"start":{"line":1,"column":0},"end":{"line":11,"column":1}},"line":1}},"f":{"0":3}}
}
