TN:
SF:example.js
FN:1,example
FNF:1
FNH:1
FNDA:1,example
DA:1,1
DA:2,1
DA:3,1
DA:4,1
DA:5,1
LF:5
LH:5
BRDA:1,0,0,1
BRF:1
BRH:1
end_of_record
TN:
SF:fizzbuzz.js
FN:2,fizzbuzz
FN:19,print
FNF:2
FNH:2
FNDA:22,fizzbuzz
FNDA:1,print
DA:1,1
DA:2,22
DA:3,22
DA:4,1
DA:5,1
DA:6,22
DA:7,2
DA:8,2
DA:9,22
DA:10,6
DA:11,6
DA:12,22
DA:13,3
DA:14,3
DA:15,10
DA:16,10
DA:17,1
DA:18,1
DA:19,1
DA:20,1
DA:21,19
DA:22,19
DA:23,19
DA:24,1
DA:25,1
DA:26,1
DA:27,1
DA:28,1
DA:29,1
LF:29
LH:29
BRDA:2,0,0,22
BRDA:3,1,0,1
BRDA:5,2,0,21
BRDA:6,3,0,8
BRDA:6,4,0,2
BRDA:8,5,0,19
BRDA:9,6,0,17
BRDA:9,7,0,6
BRDA:11,8,0,13
BRDA:12,9,0,11
BRDA:12,10,0,3
BRDA:14,11,0,10
BRDA:19,12,0,1
BRDA:20,13,0,19
BRF:14
BRH:14
end_of_record
